
OpenSBI v0.4 (Jul  2 2019 11:53:53)
   ____                    _____ ____ _____
  / __ \                  / ____|  _ \_   _|
 | |  | |_ __   ___ _ __ | (___ | |_) || |
 | |  | | '_ \ / _ \ '_ \ \___ \|  _ < | |
 | |__| | |_) |  __/ | | |____) | |_) || |_
  \____/| .__/ \___|_| |_|_____/|____/_____|
        | |
        |_|

Platform Name          : QEMU Virt Machine
Platform HART Features : RV64ACDFIMSU
Platform Max HARTs     : 8
Current Hart           : 0
Firmware Base          : 0x80000000
Firmware Size          : 112 KB
Runtime SBI Version    : 0.1

PMP0: 0x0000000080000000-0x000000008001ffff (A)
PMP1: 0x0000000000000000-0xffffffffffffffff (A,R,W,X)
(NKU.CST) os is loading ...
Special kernel symbols:
  entry  0xffffffffc0200036 (virtual)
  etext  0xffffffffc0201bea (virtual)
  edata  0xffffffffc0206018 (virtual)
  end    0xffffffffc0206568 (virtual)
Kernel executable memory footprint: 26KB
memory management: buddy_system_pmm_manager
physcial memory map:
  memory: 0x0000000007e00000, [0x0000000080200000, 0x0000000087ffffff].
maxpa: 0x0000000088000000.
npage: 0x0000000000088000.
nbase: 0x0000000000080000.
end pythical address: 0x0000000080206568.
pages pythical address: 0x0000000080207000.
pages[0] pythical address: 0x0000000080207000.
pages[1] pythical address: 0x0000000080207028.
pages[2] pythical address: 0x0000000080207050.
pages[3] pythical address: 0x0000000080207078.
pages[4] pythical address: 0x00000000802070a0.
page结构体大小: 0x0000000000000028.
freemem: 0x0000000080347000.
mem_begin: 0x0000000080347000.
mem_end: 0x0000000088000000.
mem_begin对应的页结构记录(结构体page)虚拟地址: 0xffffffffc020f318.
mem_begin对应的页结构记录(结构体page)物理地址: 0x000000008020f318.
可用空闲页的数目: 0x0000000000007cb9.
总空闲块数目为：16384
首先p0请求5页
==================显示空闲链表数组==================
No.3的空闲链表有8页 【地址为0xffffffffc020f458】

No.4的空闲链表有16页 【地址为0xffffffffc020f598】

No.5的空闲链表有32页 【地址为0xffffffffc020f818】

No.6的空闲链表有64页 【地址为0xffffffffc020fd18】

No.7的空闲链表有128页 【地址为0xffffffffc0210718】

No.8的空闲链表有256页 【地址为0xffffffffc0211b18】

No.9的空闲链表有512页 【地址为0xffffffffc0214318】

No.10的空闲链表有1024页 【地址为0xffffffffc0219318】

No.11的空闲链表有2048页 【地址为0xffffffffc0223318】

No.12的空闲链表有4096页 【地址为0xffffffffc0237318】

No.13的空闲链表有8192页 【地址为0xffffffffc025f318】

======================显示完成======================


然后p1请求5页
==================显示空闲链表数组==================
No.4的空闲链表有16页 【地址为0xffffffffc020f598】

No.5的空闲链表有32页 【地址为0xffffffffc020f818】

No.6的空闲链表有64页 【地址为0xffffffffc020fd18】

No.7的空闲链表有128页 【地址为0xffffffffc0210718】

No.8的空闲链表有256页 【地址为0xffffffffc0211b18】

No.9的空闲链表有512页 【地址为0xffffffffc0214318】

No.10的空闲链表有1024页 【地址为0xffffffffc0219318】

No.11的空闲链表有2048页 【地址为0xffffffffc0223318】

No.12的空闲链表有4096页 【地址为0xffffffffc0237318】

No.13的空闲链表有8192页 【地址为0xffffffffc025f318】

======================显示完成======================


最后p2请求5页
==================显示空闲链表数组==================
No.3的空闲链表有8页 【地址为0xffffffffc020f6d8】

No.5的空闲链表有32页 【地址为0xffffffffc020f818】

No.6的空闲链表有64页 【地址为0xffffffffc020fd18】

No.7的空闲链表有128页 【地址为0xffffffffc0210718】

No.8的空闲链表有256页 【地址为0xffffffffc0211b18】

No.9的空闲链表有512页 【地址为0xffffffffc0214318】

No.10的空闲链表有1024页 【地址为0xffffffffc0219318】

No.11的空闲链表有2048页 【地址为0xffffffffc0223318】

No.12的空闲链表有4096页 【地址为0xffffffffc0237318】

No.13的空闲链表有8192页 【地址为0xffffffffc025f318】

======================显示完成======================


p0的虚拟地址0xffffffffc020f318.
p1的虚拟地址0xffffffffc020f458.
p2的虚拟地址0xffffffffc020f598.
释放p0中。。。。。。
BS算法将释放第NO.525127页开始的共8页
释放p0后，总空闲块数目为：8
==================显示空闲链表数组==================
No.3的空闲链表有8页 【地址为0xffffffffc020f318】
No.3的空闲链表有8页 【地址为0xffffffffc020f6d8】

No.5的空闲链表有32页 【地址为0xffffffffc020f818】

No.6的空闲链表有64页 【地址为0xffffffffc020fd18】

No.7的空闲链表有128页 【地址为0xffffffffc0210718】

No.8的空闲链表有256页 【地址为0xffffffffc0211b18】

No.9的空闲链表有512页 【地址为0xffffffffc0214318】

No.10的空闲链表有1024页 【地址为0xffffffffc0219318】

No.11的空闲链表有2048页 【地址为0xffffffffc0223318】

No.12的空闲链表有4096页 【地址为0xffffffffc0237318】

No.13的空闲链表有8192页 【地址为0xffffffffc025f318】

======================显示完成======================


释放p1中。。。。。。
BS算法将释放第NO.525135页开始的共8页
释放p1后，总空闲块数目为：16
==================显示空闲链表数组==================
No.3的空闲链表有8页 【地址为0xffffffffc020f6d8】

No.4的空闲链表有16页 【地址为0xffffffffc020f318】

No.5的空闲链表有32页 【地址为0xffffffffc020f818】

No.6的空闲链表有64页 【地址为0xffffffffc020fd18】

No.7的空闲链表有128页 【地址为0xffffffffc0210718】

No.8的空闲链表有256页 【地址为0xffffffffc0211b18】

No.9的空闲链表有512页 【地址为0xffffffffc0214318】

No.10的空闲链表有1024页 【地址为0xffffffffc0219318】

No.11的空闲链表有2048页 【地址为0xffffffffc0223318】

No.12的空闲链表有4096页 【地址为0xffffffffc0237318】

No.13的空闲链表有8192页 【地址为0xffffffffc025f318】

======================显示完成======================


释放p2中。。。。。。
BS算法将释放第NO.525143页开始的共8页
释放p2后，总空闲块数目为：24
==================显示空闲链表数组==================
No.14的空闲链表有16384页 【地址为0xffffffffc020f318】
======================显示完成======================


分配p3之后(16384页)
==================显示空闲链表数组==================
无空闲块！！！
======================显示完成======================


BS算法将释放第NO.525127页开始的共16384页
==================显示空闲链表数组==================
No.14的空闲链表有16384页 【地址为0xffffffffc020f318】
======================显示完成======================


==========开始测试一些复杂的例子==========
首先p0请求5页
==================显示空闲链表数组==================
No.3的空闲链表有8页 【地址为0xffffffffc020f458】

No.4的空闲链表有16页 【地址为0xffffffffc020f598】

No.5的空闲链表有32页 【地址为0xffffffffc020f818】

No.6的空闲链表有64页 【地址为0xffffffffc020fd18】

No.7的空闲链表有128页 【地址为0xffffffffc0210718】

No.8的空闲链表有256页 【地址为0xffffffffc0211b18】

No.9的空闲链表有512页 【地址为0xffffffffc0214318】

No.10的空闲链表有1024页 【地址为0xffffffffc0219318】

No.11的空闲链表有2048页 【地址为0xffffffffc0223318】

No.12的空闲链表有4096页 【地址为0xffffffffc0237318】

No.13的空闲链表有8192页 【地址为0xffffffffc025f318】

======================显示完成======================


然后p1请求15页
==================显示空闲链表数组==================
No.3的空闲链表有8页 【地址为0xffffffffc020f458】

No.5的空闲链表有32页 【地址为0xffffffffc020f818】

No.6的空闲链表有64页 【地址为0xffffffffc020fd18】

No.7的空闲链表有128页 【地址为0xffffffffc0210718】

No.8的空闲链表有256页 【地址为0xffffffffc0211b18】

No.9的空闲链表有512页 【地址为0xffffffffc0214318】

No.10的空闲链表有1024页 【地址为0xffffffffc0219318】

No.11的空闲链表有2048页 【地址为0xffffffffc0223318】

No.12的空闲链表有4096页 【地址为0xffffffffc0237318】

No.13的空闲链表有8192页 【地址为0xffffffffc025f318】

======================显示完成======================


最后p2请求21页
==================显示空闲链表数组==================
No.3的空闲链表有8页 【地址为0xffffffffc020f458】

No.6的空闲链表有64页 【地址为0xffffffffc020fd18】

No.7的空闲链表有128页 【地址为0xffffffffc0210718】

No.8的空闲链表有256页 【地址为0xffffffffc0211b18】

No.9的空闲链表有512页 【地址为0xffffffffc0214318】

No.10的空闲链表有1024页 【地址为0xffffffffc0219318】

No.11的空闲链表有2048页 【地址为0xffffffffc0223318】

No.12的空闲链表有4096页 【地址为0xffffffffc0237318】

No.13的空闲链表有8192页 【地址为0xffffffffc025f318】

======================显示完成======================


p0的虚拟地址0xffffffffc020f318.
p1的虚拟地址0xffffffffc020f598.
p2的虚拟地址0xffffffffc020f818.
BS算法将释放第NO.525127页开始的共8页
==================显示空闲链表数组==================
No.3的空闲链表有8页 【地址为0xffffffffc020f458】

No.6的空闲链表有64页 【地址为0xffffffffc020fd18】

No.7的空闲链表有128页 【地址为0xffffffffc0210718】

No.8的空闲链表有256页 【地址为0xffffffffc0211b18】

No.9的空闲链表有512页 【地址为0xffffffffc0214318】

No.10的空闲链表有1024页 【地址为0xffffffffc0219318】

No.11的空闲链表有2048页 【地址为0xffffffffc0223318】

No.12的空闲链表有4096页 【地址为0xffffffffc0237318】

No.13的空闲链表有8192页 【地址为0xffffffffc025f318】

======================显示完成======================


check_alloc_page() succeeded!
satp virtual address: 0xffffffffc0205000
satp physical address: 0x0000000080205000
++ setup timer interrupts
100 ticks
100 ticks
100 ticks
100 ticks
100 ticks
100 ticks
100 ticks
100 ticks
100 ticks
100 ticks
100 ticks
